Build started 09-Jan-13 6:23:00 PM.
     1>Project "C:\Users\BILAL\Documents\Visual Studio 2010\Projects\possible\possible\possible.vcxproj" on node 2 (build target(s)).
     1>InitializeBuildStatus:
         Creating "Debug\possible.unsuccessfulbuild" because "AlwaysCreate" was specified.
       ClCompile:
         All outputs are up-to-date.
         c:\Program Files (x86)\Microsoft Visual Studio 10.0\VC\bin\CL.exe /c /ZI /nologo /W3 /WX- /Od /Oy- /D WIN32 /D _DEBUG /D _CONSOLE /D _UNICODE /D UNICODE /Gm /EHsc /RTC1 /MDd /GS /fp:precise /Zc:wchar_t /Zc:forScope /Yu"StdAfx.h" /Fp"Debug\possible.pch" /Fo"Debug\\" /Fd"Debug\vc100.pdb" /Gd /TP /analyze- /errorReport:prompt possible.cpp
         possible.cpp
       ManifestResourceCompile:
         All outputs are up-to-date.
       Link:
         c:\Program Files (x86)\Microsoft Visual Studio 10.0\VC\bin\link.exe /ERRORREPORT:PROMPT /OUT:"C:\Users\BILAL\Documents\Visual Studio 2010\Projects\possible\Debug\possible.exe" /INCREMENTAL /NOLOGO kernel32.lib user32.lib gdi32.lib winspool.lib comdlg32.lib advapi32.lib shell32.lib ole32.lib oleaut32.lib uuid.lib odbc32.lib odbccp32.lib /MANIFEST /ManifestFile:"Debug\possible.exe.intermediate.manifest" /MANIFESTUAC:"level='asInvoker' uiAccess='false'" /DEBUG /PDB:"C:\Users\BILAL\Documents\Visual Studio 2010\Projects\possible\Debug\possible.pdb" /SUBSYSTEM:CONSOLE /TLBID:1 /DYNAMICBASE /NXCOMPAT /IMPLIB:"C:\Users\BILAL\Documents\Visual Studio 2010\Projects\possible\Debug\possible.lib" /MACHINE:X86 Debug\possible.exe.embed.manifest.res
         Debug\possible.obj
         Debug\stdafx.obj
       Manifest:
         C:\Program Files (x86)\Microsoft SDKs\Windows\v7.0A\bin\mt.exe /nologo /verbose /out:"Debug\possible.exe.embed.manifest" /manifest Debug\possible.exe.intermediate.manifest
         All outputs are up-to-date.
       LinkEmbedManifest:
         All outputs are up-to-date.
         possible.vcxproj -> C:\Users\BILAL\Documents\Visual Studio 2010\Projects\possible\Debug\possible.exe
       FinalizeBuildStatus:
         Deleting file "Debug\possible.unsuccessfulbuild".
         Touching "Debug\possible.lastbuildstate".
     1>Done Building Project "C:\Users\BILAL\Documents\Visual Studio 2010\Projects\possible\possible\possible.vcxproj" (build target(s)).

Build succeeded.

Time Elapsed 00:00:03.16
