Build started 20-May-13 6:14:22 PM.
     1>Project "C:\Users\BILAL\Documents\Visual Studio 2010\Projects\parser\parser\parser.vcxproj" on node 2 (build target(s)).
     1>InitializeBuildStatus:
         Creating "Debug\parser.unsuccessfulbuild" because "AlwaysCreate" was specified.
       ClCompile:
         All outputs are up-to-date.
         c:\Program Files (x86)\Microsoft Visual Studio 10.0\VC\bin\CL.exe /c /ZI /nologo /W3 /WX- /Od /Oy- /D WIN32 /D _DEBUG /D _CONSOLE /D _UNICODE /D UNICODE /Gm /EHsc /RTC1 /MDd /GS /fp:precise /Zc:wchar_t /Zc:forScope /Yu"StdAfx.h" /Fp"Debug\parser.pch" /Fo"Debug\\" /Fd"Debug\vc100.pdb" /Gd /TP /analyze- /errorReport:prompt parser.cpp
         parser.cpp
     1>c:\users\bilal\documents\visual studio 2010\projects\parser\parser\parser.cpp(14): warning C4996: 'scanf': This function or variable may be unsafe. Consider using scanf_s instead. To disable deprecation, use _CRT_SECURE_NO_WARNINGS. See online help for details.
                 c:\program files (x86)\microsoft visual studio 10.0\vc\include\stdio.h(304) : see declaration of 'scanf'
     1>c:\users\bilal\documents\visual studio 2010\projects\parser\parser\parser.cpp(17): warning C4996: 'scanf': This function or variable may be unsafe. Consider using scanf_s instead. To disable deprecation, use _CRT_SECURE_NO_WARNINGS. See online help for details.
                 c:\program files (x86)\microsoft visual studio 10.0\vc\include\stdio.h(304) : see declaration of 'scanf'
     1>c:\users\bilal\documents\visual studio 2010\projects\parser\parser\parser.cpp(223): warning C4996: 'getch': The POSIX name for this item is deprecated. Instead, use the ISO C++ conformant name: _getch. See online help for details.
                 c:\program files (x86)\microsoft visual studio 10.0\vc\include\conio.h(128) : see declaration of 'getch'
       ManifestResourceCompile:
         All outputs are up-to-date.
       Link:
         c:\Program Files (x86)\Microsoft Visual Studio 10.0\VC\bin\link.exe /ERRORREPORT:PROMPT /OUT:"C:\Users\BILAL\Documents\Visual Studio 2010\Projects\parser\Debug\parser.exe" /INCREMENTAL /NOLOGO kernel32.lib user32.lib gdi32.lib winspool.lib comdlg32.lib advapi32.lib shell32.lib ole32.lib oleaut32.lib uuid.lib odbc32.lib odbccp32.lib /MANIFEST /ManifestFile:"Debug\parser.exe.intermediate.manifest" /MANIFESTUAC:"level='asInvoker' uiAccess='false'" /DEBUG /PDB:"C:\Users\BILAL\Documents\Visual Studio 2010\Projects\parser\Debug\parser.pdb" /SUBSYSTEM:CONSOLE /TLBID:1 /DYNAMICBASE /NXCOMPAT /IMPLIB:"C:\Users\BILAL\Documents\Visual Studio 2010\Projects\parser\Debug\parser.lib" /MACHINE:X86 Debug\parser.exe.embed.manifest.res
         Debug\parser.obj
         Debug\stdafx.obj
       Manifest:
         C:\Program Files (x86)\Microsoft SDKs\Windows\v7.0A\bin\mt.exe /nologo /verbose /out:"Debug\parser.exe.embed.manifest" /manifest Debug\parser.exe.intermediate.manifest
         All outputs are up-to-date.
       LinkEmbedManifest:
         All outputs are up-to-date.
         parser.vcxproj -> C:\Users\BILAL\Documents\Visual Studio 2010\Projects\parser\Debug\parser.exe
       FinalizeBuildStatus:
         Deleting file "Debug\parser.unsuccessfulbuild".
         Touching "Debug\parser.lastbuildstate".
     1>Done Building Project "C:\Users\BILAL\Documents\Visual Studio 2010\Projects\parser\parser\parser.vcxproj" (build target(s)).

Build succeeded.

Time Elapsed 00:00:01.99
