Build started 05-Jan-13 3:09:24 PM.
     1>Project "C:\Users\BILAL\Documents\Visual Studio 2010\Projects\streams\streams\streams.vcxproj" on node 2 (build target(s)).
     1>InitializeBuildStatus:
         Creating "Debug\streams.unsuccessfulbuild" because "AlwaysCreate" was specified.
       ClCompile:
         All outputs are up-to-date.
         c:\Program Files (x86)\Microsoft Visual Studio 10.0\VC\bin\CL.exe /c /ZI /nologo /W3 /WX- /Od /Oy- /D WIN32 /D _DEBUG /D _CONSOLE /D _UNICODE /D UNICODE /Gm /EHsc /RTC1 /MDd /GS /fp:precise /Zc:wchar_t /Zc:forScope /Yu"StdAfx.h" /Fp"Debug\streams.pch" /Fo"Debug\\" /Fd"Debug\vc100.pdb" /Gd /TP /analyze- /errorReport:prompt streams.cpp
         streams.cpp
       ManifestResourceCompile:
         All outputs are up-to-date.
       Link:
         c:\Program Files (x86)\Microsoft Visual Studio 10.0\VC\bin\link.exe /ERRORREPORT:PROMPT /OUT:"C:\Users\BILAL\Documents\Visual Studio 2010\Projects\streams\Debug\streams.exe" /INCREMENTAL /NOLOGO kernel32.lib user32.lib gdi32.lib winspool.lib comdlg32.lib advapi32.lib shell32.lib ole32.lib oleaut32.lib uuid.lib odbc32.lib odbccp32.lib /MANIFEST /ManifestFile:"Debug\streams.exe.intermediate.manifest" /MANIFESTUAC:"level='asInvoker' uiAccess='false'" /DEBUG /PDB:"C:\Users\BILAL\Documents\Visual Studio 2010\Projects\streams\Debug\streams.pdb" /SUBSYSTEM:CONSOLE /TLBID:1 /DYNAMICBASE /NXCOMPAT /IMPLIB:"C:\Users\BILAL\Documents\Visual Studio 2010\Projects\streams\Debug\streams.lib" /MACHINE:X86 Debug\streams.exe.embed.manifest.res
         Debug\stdafx.obj
         Debug\streams.obj
       Manifest:
         C:\Program Files (x86)\Microsoft SDKs\Windows\v7.0A\bin\mt.exe /nologo /verbose /out:"Debug\streams.exe.embed.manifest" /manifest Debug\streams.exe.intermediate.manifest
         All outputs are up-to-date.
       LinkEmbedManifest:
         All outputs are up-to-date.
         streams.vcxproj -> C:\Users\BILAL\Documents\Visual Studio 2010\Projects\streams\Debug\streams.exe
       FinalizeBuildStatus:
         Deleting file "Debug\streams.unsuccessfulbuild".
         Touching "Debug\streams.lastbuildstate".
     1>Done Building Project "C:\Users\BILAL\Documents\Visual Studio 2010\Projects\streams\streams\streams.vcxproj" (build target(s)).

Build succeeded.

Time Elapsed 00:00:02.29
