Build started 08-Jun-13 3:34:00 PM.
     1>Project "C:\Users\BILAL\Documents\Visual Studio 2010\Projects\PHASE 2\PHASE 2\PHASE 2.vcxproj" on node 2 (build target(s)).
     1>InitializeBuildStatus:
         Creating "Debug\PHASE 2.unsuccessfulbuild" because "AlwaysCreate" was specified.
       ClCompile:
         All outputs are up-to-date.
         c:\Program Files (x86)\Microsoft Visual Studio 10.0\VC\bin\CL.exe /c /ZI /nologo /W3 /WX- /Od /Oy- /D WIN32 /D _DEBUG /D _CONSOLE /D _UNICODE /D UNICODE /Gm /EHsc /RTC1 /MDd /GS /fp:precise /Zc:wchar_t /Zc:forScope /Yu"StdAfx.h" /Fp"Debug\PHASE 2.pch" /Fo"Debug\\" /Fd"Debug\vc100.pdb" /Gd /TP /analyze- /errorReport:prompt "PHASE 2.cpp"
         PHASE 2.cpp
     1>c:\users\bilal\documents\visual studio 2010\projects\phase 2\phase 2\phase 2.cpp(71): warning C4996: 'gets': This function or variable may be unsafe. Consider using gets_s instead. To disable deprecation, use _CRT_SECURE_NO_WARNINGS. See online help for details.
                 c:\program files (x86)\microsoft visual studio 10.0\vc\include\stdio.h(277) : see declaration of 'gets'
     1>c:\users\bilal\documents\visual studio 2010\projects\phase 2\phase 2\phase 2.cpp(105): warning C4996: 'strcpy': This function or variable may be unsafe. Consider using strcpy_s instead. To disable deprecation, use _CRT_SECURE_NO_WARNINGS. See online help for details.
                 c:\program files (x86)\microsoft visual studio 10.0\vc\include\string.h(105) : see declaration of 'strcpy'
     1>c:\users\bilal\documents\visual studio 2010\projects\phase 2\phase 2\phase 2.cpp(105): warning C4996: 'strrev': The POSIX name for this item is deprecated. Instead, use the ISO C++ conformant name: _strrev. See online help for details.
                 c:\program files (x86)\microsoft visual studio 10.0\vc\include\string.h(250) : see declaration of 'strrev'
     1>c:\users\bilal\documents\visual studio 2010\projects\phase 2\phase 2\phase 2.cpp(106): warning C4996: 'strrev': The POSIX name for this item is deprecated. Instead, use the ISO C++ conformant name: _strrev. See online help for details.
                 c:\program files (x86)\microsoft visual studio 10.0\vc\include\string.h(250) : see declaration of 'strrev'
     1>c:\users\bilal\documents\visual studio 2010\projects\phase 2\phase 2\phase 2.cpp(136): warning C4996: 'getch': The POSIX name for this item is deprecated. Instead, use the ISO C++ conformant name: _getch. See online help for details.
                 c:\program files (x86)\microsoft visual studio 10.0\vc\include\conio.h(128) : see declaration of 'getch'
       ManifestResourceCompile:
         All outputs are up-to-date.
       Link:
         c:\Program Files (x86)\Microsoft Visual Studio 10.0\VC\bin\link.exe /ERRORREPORT:PROMPT /OUT:"C:\Users\BILAL\Documents\Visual Studio 2010\Projects\PHASE 2\Debug\PHASE 2.exe" /INCREMENTAL /NOLOGO kernel32.lib user32.lib gdi32.lib winspool.lib comdlg32.lib advapi32.lib shell32.lib ole32.lib oleaut32.lib uuid.lib odbc32.lib odbccp32.lib /MANIFEST /ManifestFile:"Debug\PHASE 2.exe.intermediate.manifest" /MANIFESTUAC:"level='asInvoker' uiAccess='false'" /DEBUG /PDB:"C:\Users\BILAL\Documents\Visual Studio 2010\Projects\PHASE 2\Debug\PHASE 2.pdb" /SUBSYSTEM:CONSOLE /TLBID:1 /DYNAMICBASE /NXCOMPAT /IMPLIB:"C:\Users\BILAL\Documents\Visual Studio 2010\Projects\PHASE 2\Debug\PHASE 2.lib" /MACHINE:X86 "Debug\PHASE 2.exe.embed.manifest.res"
         "Debug\PHASE 2.obj"
         Debug\stdafx.obj
       Manifest:
         C:\Program Files (x86)\Microsoft SDKs\Windows\v7.0A\bin\mt.exe /nologo /verbose /out:"Debug\PHASE 2.exe.embed.manifest" /manifest "Debug\PHASE 2.exe.intermediate.manifest"
         All outputs are up-to-date.
       LinkEmbedManifest:
         All outputs are up-to-date.
         PHASE 2.vcxproj -> C:\Users\BILAL\Documents\Visual Studio 2010\Projects\PHASE 2\Debug\PHASE 2.exe
       FinalizeBuildStatus:
         Deleting file "Debug\PHASE 2.unsuccessfulbuild".
         Touching "Debug\PHASE 2.lastbuildstate".
     1>Done Building Project "C:\Users\BILAL\Documents\Visual Studio 2010\Projects\PHASE 2\PHASE 2\PHASE 2.vcxproj" (build target(s)).

Build succeeded.

Time Elapsed 00:00:02.74
