Build started 04-Jan-13 8:54:59 PM.
     1>Project "c:\Users\BILAL\documents\visual studio 2010\Projects\oop_project\oop_project\oop_project.vcxproj" on node 2 (build target(s)).
     1>PrepareForBuild:
         Creating directory "c:\users\bilal\documents\visual studio 2010\Projects\oop_project\Debug\".
       InitializeBuildStatus:
         Creating "Debug\oop_project.unsuccessfulbuild" because "AlwaysCreate" was specified.
       ClCompile:
         c:\Program Files (x86)\Microsoft Visual Studio 10.0\VC\bin\CL.exe /c /ZI /nologo /W3 /WX- /Od /Oy- /D WIN32 /D _DEBUG /D _CONSOLE /D _UNICODE /D UNICODE /Gm /EHsc /RTC1 /MDd /GS /fp:precise /Zc:wchar_t /Zc:forScope /Yc"StdAfx.h" /Fp"Debug\oop_project.pch" /Fo"Debug\\" /Fd"Debug\vc100.pdb" /Gd /TP /analyze- /errorReport:prompt stdafx.cpp
         stdafx.cpp
         c:\Program Files (x86)\Microsoft Visual Studio 10.0\VC\bin\CL.exe /c /ZI /nologo /W3 /WX- /Od /Oy- /D WIN32 /D _DEBUG /D _CONSOLE /D _UNICODE /D UNICODE /Gm /EHsc /RTC1 /MDd /GS /fp:precise /Zc:wchar_t /Zc:forScope /Yu"StdAfx.h" /Fp"Debug\oop_project.pch" /Fo"Debug\\" /Fd"Debug\vc100.pdb" /Gd /TP /analyze- /errorReport:prompt oop_project.cpp
         oop_project.cpp
     1>c:\users\bilal\documents\visual studio 2010\projects\oop_project\oop_project\oop_project.cpp(38): warning C4996: 'gets': This function or variable may be unsafe. Consider using gets_s instead. To disable deprecation, use _CRT_SECURE_NO_WARNINGS. See online help for details.
                 c:\program files (x86)\microsoft visual studio 10.0\vc\include\stdio.h(277) : see declaration of 'gets'
     1>c:\users\bilal\documents\visual studio 2010\projects\oop_project\oop_project\oop_project.cpp(40): warning C4996: 'gets': This function or variable may be unsafe. Consider using gets_s instead. To disable deprecation, use _CRT_SECURE_NO_WARNINGS. See online help for details.
                 c:\program files (x86)\microsoft visual studio 10.0\vc\include\stdio.h(277) : see declaration of 'gets'
     1>c:\users\bilal\documents\visual studio 2010\projects\oop_project\oop_project\oop_project.cpp(314): warning C4996: 'gets': This function or variable may be unsafe. Consider using gets_s instead. To disable deprecation, use _CRT_SECURE_NO_WARNINGS. See online help for details.
                 c:\program files (x86)\microsoft visual studio 10.0\vc\include\stdio.h(277) : see declaration of 'gets'
       ManifestResourceCompile:
         C:\Program Files (x86)\Microsoft SDKs\Windows\v7.0A\bin\rc.exe /nologo /fo"Debug\oop_project.exe.embed.manifest.res" Debug\oop_project_manifest.rc 
       Link:
         c:\Program Files (x86)\Microsoft Visual Studio 10.0\VC\bin\link.exe /ERRORREPORT:PROMPT /OUT:"c:\users\bilal\documents\visual studio 2010\Projects\oop_project\Debug\oop_project.exe" /INCREMENTAL /NOLOGO kernel32.lib user32.lib gdi32.lib winspool.lib comdlg32.lib advapi32.lib shell32.lib ole32.lib oleaut32.lib uuid.lib odbc32.lib odbccp32.lib /MANIFEST /ManifestFile:"Debug\oop_project.exe.intermediate.manifest" /MANIFESTUAC:"level='asInvoker' uiAccess='false'" /DEBUG /PDB:"c:\users\bilal\documents\visual studio 2010\Projects\oop_project\Debug\oop_project.pdb" /SUBSYSTEM:CONSOLE /TLBID:1 /DYNAMICBASE /NXCOMPAT /IMPLIB:"c:\users\bilal\documents\visual studio 2010\Projects\oop_project\Debug\oop_project.lib" /MACHINE:X86 Debug\oop_project.exe.embed.manifest.res
         Debug\oop_project.obj
         Debug\stdafx.obj
       Manifest:
         C:\Program Files (x86)\Microsoft SDKs\Windows\v7.0A\bin\mt.exe /nologo /verbose /out:"Debug\oop_project.exe.embed.manifest" /manifest Debug\oop_project.exe.intermediate.manifest
         C:\Program Files (x86)\Microsoft SDKs\Windows\v7.0A\bin\rc.exe /nologo /fo"Debug\oop_project.exe.embed.manifest.res" Debug\oop_project_manifest.rc 
       LinkEmbedManifest:
         c:\Program Files (x86)\Microsoft Visual Studio 10.0\VC\bin\link.exe /ERRORREPORT:PROMPT /OUT:"c:\users\bilal\documents\visual studio 2010\Projects\oop_project\Debug\oop_project.exe" /INCREMENTAL /NOLOGO kernel32.lib user32.lib gdi32.lib winspool.lib comdlg32.lib advapi32.lib shell32.lib ole32.lib oleaut32.lib uuid.lib odbc32.lib odbccp32.lib /MANIFEST /ManifestFile:"Debug\oop_project.exe.intermediate.manifest" /MANIFESTUAC:"level='asInvoker' uiAccess='false'" /DEBUG /PDB:"c:\users\bilal\documents\visual studio 2010\Projects\oop_project\Debug\oop_project.pdb" /SUBSYSTEM:CONSOLE /TLBID:1 /DYNAMICBASE /NXCOMPAT /IMPLIB:"c:\users\bilal\documents\visual studio 2010\Projects\oop_project\Debug\oop_project.lib" /MACHINE:X86 Debug\oop_project.exe.embed.manifest.res
         Debug\oop_project.obj
         Debug\stdafx.obj
         oop_project.vcxproj -> c:\users\bilal\documents\visual studio 2010\Projects\oop_project\Debug\oop_project.exe
       FinalizeBuildStatus:
         Deleting file "Debug\oop_project.unsuccessfulbuild".
         Touching "Debug\oop_project.lastbuildstate".
     1>Done Building Project "c:\Users\BILAL\documents\visual studio 2010\Projects\oop_project\oop_project\oop_project.vcxproj" (build target(s)).

Build succeeded.

Time Elapsed 00:00:03.19
